Determining if the include file pthread.h exists failed with the following output:
Change Dir: C:/Projects/IrrlichtBAW/out/build/x64-Debug/CMakeFiles/CMakeTmp

Run Build Command(s):C:/Program Files (x86)/Microsoft Visual Studio/2019/Community/Common7/IDE/CommonExtensions/Microsoft/CMake/Ninja/ninja.exe cmTC_ad2b6 && [1/2] Building C object CMakeFiles\cmTC_ad2b6.dir\CheckIncludeFile.c.obj
FAILED: CMakeFiles/cmTC_ad2b6.dir/CheckIncludeFile.c.obj 
C:\PROGRA~2\MICROS~1\2019\COMMUN~1\VC\Tools\MSVC\1423~1.281\bin\HostX64\x64\cl.exe  /nologo   /DWIN32 /D_WINDOWS /W3  /MDd /Zi /Ob0 /Od /RTC1 /showIncludes /FoCMakeFiles\cmTC_ad2b6.dir\CheckIncludeFile.c.obj /FdCMakeFiles\cmTC_ad2b6.dir\ /FS -c CheckIncludeFile.c
CheckIncludeFile.c(1): fatal error C1083: Cannot open include file: 'pthread.h': No such file or directory
ninja: build stopped: subcommand failed.



Checking whether the ASM compiler is GNU using "--version" did not match "(GNU assembler)|(GCC)|(Free Software Foundation)":
Microsoft (R) C/C++ Optimizing Compiler Version 19.23.28105.4 for x64
Copyright (C) Microsoft Corporation.  All rights reserved.

cl : Command line warning D9002 : ignoring unknown option '--version'
cl : Command line error D8003 : missing source filename
Checking whether the ASM compiler is Clang using "--version" did not match "(clang version)":
Microsoft (R) C/C++ Optimizing Compiler Version 19.23.28105.4 for x64
Copyright (C) Microsoft Corporation.  All rights reserved.

cl : Command line warning D9002 : ignoring unknown option '--version'
cl : Command line error D8003 : missing source filename
Checking whether the ASM compiler is AppleClang using "--version" did not match "(Apple LLVM version)":
Microsoft (R) C/C++ Optimizing Compiler Version 19.23.28105.4 for x64
Copyright (C) Microsoft Corporation.  All rights reserved.

cl : Command line warning D9002 : ignoring unknown option '--version'
cl : Command line error D8003 : missing source filename
Checking whether the ASM compiler is ARMClang using "--version" did not match "armclang":
Microsoft (R) C/C++ Optimizing Compiler Version 19.23.28105.4 for x64
Copyright (C) Microsoft Corporation.  All rights reserved.

cl : Command line warning D9002 : ignoring unknown option '--version'
cl : Command line error D8003 : missing source filename
Checking whether the ASM compiler is HP using "-V" did not match "HP C":
Microsoft (R) C/C++ Optimizing Compiler Version 19.23.28105.4 for x64
Copyright (C) Microsoft Corporation.  All rights reserved.

cl : Command line error D8004 : '/V' requires an argument
Checking whether the ASM compiler is Intel using "--version" did not match "(ICC)":
Microsoft (R) C/C++ Optimizing Compiler Version 19.23.28105.4 for x64
Copyright (C) Microsoft Corporation.  All rights reserved.

cl : Command line warning D9002 : ignoring unknown option '--version'
cl : Command line error D8003 : missing source filename
Checking whether the ASM compiler is SunPro using "-V" did not match "Sun C":
Microsoft (R) C/C++ Optimizing Compiler Version 19.23.28105.4 for x64
Copyright (C) Microsoft Corporation.  All rights reserved.

cl : Command line error D8004 : '/V' requires an argument
Checking whether the ASM compiler is XL using "-qversion" did not match "XL C":
Microsoft (R) C/C++ Optimizing Compiler Version 19.23.28105.4 for x64
Copyright (C) Microsoft Corporation.  All rights reserved.

cl : Command line warning D9002 : ignoring unknown option '-qversion'
cl : Command line error D8003 : missing source filename
Performing C SOURCE FILE Test HAVE_LD_VERSION_SCRIPT failed with the following output:
Change Dir: C:/Projects/IrrlichtBAW/out/build/x64-Debug/CMakeFiles/CMakeTmp

Run Build Command(s):C:/Program Files (x86)/Microsoft Visual Studio/2019/Community/Common7/IDE/CommonExtensions/Microsoft/CMake/Ninja/ninja.exe cmTC_0b249 && [1/2] Building C object CMakeFiles\cmTC_0b249.dir\src.c.obj
FAILED: CMakeFiles/cmTC_0b249.dir/src.c.obj 
C:\PROGRA~2\MICROS~1\2019\COMMUN~1\VC\Tools\MSVC\1423~1.281\bin\HostX64\x64\cl.exe  /nologo   /DWIN32 /D_WINDOWS /W3 -DHAVE_LD_VERSION_SCRIPT -Wl,--version-script='C:/Projects/IrrlichtBAW/out/build/x64-Debug/3rdparty/libpng/conftest.map' /MDd /Zi /Ob0 /Od /RTC1 /showIncludes /FoCMakeFiles\cmTC_0b249.dir\src.c.obj /FdCMakeFiles\cmTC_0b249.dir\ /FS -c src.c
cl : Command line error D8021 : invalid numeric argument '/Wl,--version-script='C:/Projects/IrrlichtBAW/out/build/x64-Debug/3rdparty/libpng/conftest.map''
ninja: build stopped: subcommand failed.


Source file was:
void sym(void) {}
void sym2(void) {}
int main(void) {return 0;}

Performing C SOURCE FILE Test HAVE_SOLARIS_LD_VERSION_SCRIPT failed with the following output:
Change Dir: C:/Projects/IrrlichtBAW/out/build/x64-Debug/CMakeFiles/CMakeTmp

Run Build Command(s):C:/Program Files (x86)/Microsoft Visual Studio/2019/Community/Common7/IDE/CommonExtensions/Microsoft/CMake/Ninja/ninja.exe cmTC_13f58 && [1/2] Building C object CMakeFiles\cmTC_13f58.dir\src.c.obj
FAILED: CMakeFiles/cmTC_13f58.dir/src.c.obj 
C:\PROGRA~2\MICROS~1\2019\COMMUN~1\VC\Tools\MSVC\1423~1.281\bin\HostX64\x64\cl.exe  /nologo   /DWIN32 /D_WINDOWS /W3 -DHAVE_SOLARIS_LD_VERSION_SCRIPT -Wl,-M -Wl,C:/Projects/IrrlichtBAW/out/build/x64-Debug/3rdparty/libpng/conftest.map /MDd /Zi /Ob0 /Od /RTC1 /showIncludes /FoCMakeFiles\cmTC_13f58.dir\src.c.obj /FdCMakeFiles\cmTC_13f58.dir\ /FS -c src.c
cl : Command line error D8021 : invalid numeric argument '/Wl,-M'
ninja: build stopped: subcommand failed.


Source file was:
void sym(void) {}
void sym2(void) {}
int main(void) {return 0;}

Determining if the include file dlfcn.h exists failed with the following output:
Change Dir: C:/Projects/IrrlichtBAW/out/build/x64-Debug/CMakeFiles/CMakeTmp

Run Build Command(s):C:/Program Files (x86)/Microsoft Visual Studio/2019/Community/Common7/IDE/CommonExtensions/Microsoft/CMake/Ninja/ninja.exe cmTC_ef291 && [1/2] Building C object CMakeFiles\cmTC_ef291.dir\CheckIncludeFile.c.obj
FAILED: CMakeFiles/cmTC_ef291.dir/CheckIncludeFile.c.obj 
C:\PROGRA~2\MICROS~1\2019\COMMUN~1\VC\Tools\MSVC\1423~1.281\bin\HostX64\x64\cl.exe  /nologo   /DWIN32 /D_WINDOWS /W3  /MDd /Zi /Ob0 /Od /RTC1 /showIncludes /FoCMakeFiles\cmTC_ef291.dir\CheckIncludeFile.c.obj /FdCMakeFiles\cmTC_ef291.dir\ /FS -c CheckIncludeFile.c
CheckIncludeFile.c(1): fatal error C1083: Cannot open include file: 'dlfcn.h': No such file or directory
ninja: build stopped: subcommand failed.



Determining if the include file strings.h exists failed with the following output:
Change Dir: C:/Projects/IrrlichtBAW/out/build/x64-Debug/CMakeFiles/CMakeTmp

Run Build Command(s):C:/Program Files (x86)/Microsoft Visual Studio/2019/Community/Common7/IDE/CommonExtensions/Microsoft/CMake/Ninja/ninja.exe cmTC_c5da1 && [1/2] Building C object CMakeFiles\cmTC_c5da1.dir\CheckIncludeFile.c.obj
FAILED: CMakeFiles/cmTC_c5da1.dir/CheckIncludeFile.c.obj 
C:\PROGRA~2\MICROS~1\2019\COMMUN~1\VC\Tools\MSVC\1423~1.281\bin\HostX64\x64\cl.exe  /nologo   /DWIN32 /D_WINDOWS /W3  /MDd /Zi /Ob0 /Od /RTC1 /showIncludes /FoCMakeFiles\cmTC_c5da1.dir\CheckIncludeFile.c.obj /FdCMakeFiles\cmTC_c5da1.dir\ /FS -c CheckIncludeFile.c
CheckIncludeFile.c(1): fatal error C1083: Cannot open include file: 'strings.h': No such file or directory
ninja: build stopped: subcommand failed.



Determining if the include file unistd.h exists failed with the following output:
Change Dir: C:/Projects/IrrlichtBAW/out/build/x64-Debug/CMakeFiles/CMakeTmp

Run Build Command(s):C:/Program Files (x86)/Microsoft Visual Studio/2019/Community/Common7/IDE/CommonExtensions/Microsoft/CMake/Ninja/ninja.exe cmTC_accb5 && [1/2] Building C object CMakeFiles\cmTC_accb5.dir\CheckIncludeFile.c.obj
FAILED: CMakeFiles/cmTC_accb5.dir/CheckIncludeFile.c.obj 
C:\PROGRA~2\MICROS~1\2019\COMMUN~1\VC\Tools\MSVC\1423~1.281\bin\HostX64\x64\cl.exe  /nologo   /DWIN32 /D_WINDOWS /W3  /MDd /Zi /Ob0 /Od /RTC1 /showIncludes /FoCMakeFiles\cmTC_accb5.dir\CheckIncludeFile.c.obj /FdCMakeFiles\cmTC_accb5.dir\ /FS -c CheckIncludeFile.c
CheckIncludeFile.c(1): fatal error C1083: Cannot open include file: 'unistd.h': No such file or directory
ninja: build stopped: subcommand failed.



Determining if the getpagesize exist failed with the following output:
Change Dir: C:/Projects/IrrlichtBAW/out/build/x64-Debug/CMakeFiles/CMakeTmp

Run Build Command(s):C:/Program Files (x86)/Microsoft Visual Studio/2019/Community/Common7/IDE/CommonExtensions/Microsoft/CMake/Ninja/ninja.exe cmTC_34076 && [1/2] Building C object CMakeFiles\cmTC_34076.dir\CheckSymbolExists.c.obj
FAILED: CMakeFiles/cmTC_34076.dir/CheckSymbolExists.c.obj 
C:\PROGRA~2\MICROS~1\2019\COMMUN~1\VC\Tools\MSVC\1423~1.281\bin\HostX64\x64\cl.exe  /nologo   /DWIN32 /D_WINDOWS /W3  /MDd /Zi /Ob0 /Od /RTC1 /showIncludes /FoCMakeFiles\cmTC_34076.dir\CheckSymbolExists.c.obj /FdCMakeFiles\cmTC_34076.dir\ /FS -c CheckSymbolExists.c
CheckSymbolExists.c(2): fatal error C1083: Cannot open include file: 'unistd.h': No such file or directory
ninja: build stopped: subcommand failed.


File C:/Projects/IrrlichtBAW/out/build/x64-Debug/CMakeFiles/CMakeTmp/CheckSymbolExists.c:
/* */
#include <unistd.h>

int main(int argc, char** argv)
{
  (void)argv;
#ifndef getpagesize
  return ((int*)(&getpagesize))[argc];
#else
  (void)argc;
  return 0;
#endif
}

Determining if the bcopy exist failed with the following output:
Change Dir: C:/Projects/IrrlichtBAW/out/build/x64-Debug/CMakeFiles/CMakeTmp

Run Build Command(s):C:/Program Files (x86)/Microsoft Visual Studio/2019/Community/Common7/IDE/CommonExtensions/Microsoft/CMake/Ninja/ninja.exe cmTC_9e568 && [1/2] Building C object CMakeFiles\cmTC_9e568.dir\CheckSymbolExists.c.obj
FAILED: CMakeFiles/cmTC_9e568.dir/CheckSymbolExists.c.obj 
C:\PROGRA~2\MICROS~1\2019\COMMUN~1\VC\Tools\MSVC\1423~1.281\bin\HostX64\x64\cl.exe  /nologo   /DWIN32 /D_WINDOWS /W3  /MDd /Zi /Ob0 /Od /RTC1 /showIncludes /FoCMakeFiles\cmTC_9e568.dir\CheckSymbolExists.c.obj /FdCMakeFiles\cmTC_9e568.dir\ /FS -c CheckSymbolExists.c
CheckSymbolExists.c(2): fatal error C1083: Cannot open include file: 'strings.h': No such file or directory
ninja: build stopped: subcommand failed.


File C:/Projects/IrrlichtBAW/out/build/x64-Debug/CMakeFiles/CMakeTmp/CheckSymbolExists.c:
/* */
#include <strings.h>

int main(int argc, char** argv)
{
  (void)argv;
#ifndef bcopy
  return ((int*)(&bcopy))[argc];
#else
  (void)argc;
  return 0;
#endif
}

Determining if the mmap exist failed with the following output:
Change Dir: C:/Projects/IrrlichtBAW/out/build/x64-Debug/CMakeFiles/CMakeTmp

Run Build Command(s):C:/Program Files (x86)/Microsoft Visual Studio/2019/Community/Common7/IDE/CommonExtensions/Microsoft/CMake/Ninja/ninja.exe cmTC_769d6 && [1/2] Building C object CMakeFiles\cmTC_769d6.dir\CheckSymbolExists.c.obj
FAILED: CMakeFiles/cmTC_769d6.dir/CheckSymbolExists.c.obj 
C:\PROGRA~2\MICROS~1\2019\COMMUN~1\VC\Tools\MSVC\1423~1.281\bin\HostX64\x64\cl.exe  /nologo   /DWIN32 /D_WINDOWS /W3  /MDd /Zi /Ob0 /Od /RTC1 /showIncludes /FoCMakeFiles\cmTC_769d6.dir\CheckSymbolExists.c.obj /FdCMakeFiles\cmTC_769d6.dir\ /FS -c CheckSymbolExists.c
CheckSymbolExists.c(2): fatal error C1083: Cannot open include file: 'sys/mman.h': No such file or directory
ninja: build stopped: subcommand failed.


File C:/Projects/IrrlichtBAW/out/build/x64-Debug/CMakeFiles/CMakeTmp/CheckSymbolExists.c:
/* */
#include <sys/mman.h>

int main(int argc, char** argv)
{
  (void)argv;
#ifndef mmap
  return ((int*)(&mmap))[argc];
#else
  (void)argc;
  return 0;
#endif
}

Determining if the getrandom exist failed with the following output:
Change Dir: C:/Projects/IrrlichtBAW/out/build/x64-Debug/CMakeFiles/CMakeTmp

Run Build Command(s):C:/Program Files (x86)/Microsoft Visual Studio/2019/Community/Common7/IDE/CommonExtensions/Microsoft/CMake/Ninja/ninja.exe cmTC_4c80e && [1/2] Building C object CMakeFiles\cmTC_4c80e.dir\CheckSymbolExists.c.obj
FAILED: CMakeFiles/cmTC_4c80e.dir/CheckSymbolExists.c.obj 
C:\PROGRA~2\MICROS~1\2019\COMMUN~1\VC\Tools\MSVC\1423~1.281\bin\HostX64\x64\cl.exe  /nologo   /DWIN32 /D_WINDOWS /W3  /MDd /Zi /Ob0 /Od /RTC1 /showIncludes /FoCMakeFiles\cmTC_4c80e.dir\CheckSymbolExists.c.obj /FdCMakeFiles\cmTC_4c80e.dir\ /FS -c CheckSymbolExists.c
CheckSymbolExists.c(2): fatal error C1083: Cannot open include file: 'sys/random.h': No such file or directory
ninja: build stopped: subcommand failed.


File C:/Projects/IrrlichtBAW/out/build/x64-Debug/CMakeFiles/CMakeTmp/CheckSymbolExists.c:
/* */
#include <sys/random.h>

int main(int argc, char** argv)
{
  (void)argv;
#ifndef getrandom
  return ((int*)(&getrandom))[argc];
#else
  (void)argc;
  return 0;
#endif
}

Determining if the arc4random_buf exist failed with the following output:
Change Dir: C:/Projects/IrrlichtBAW/out/build/x64-Debug/CMakeFiles/CMakeTmp

Run Build Command(s):C:/Program Files (x86)/Microsoft Visual Studio/2019/Community/Common7/IDE/CommonExtensions/Microsoft/CMake/Ninja/ninja.exe cmTC_cd257 && [1/2] Building C object CMakeFiles\cmTC_cd257.dir\CheckSymbolExists.c.obj
FAILED: CMakeFiles/cmTC_cd257.dir/CheckSymbolExists.c.obj 
C:\PROGRA~2\MICROS~1\2019\COMMUN~1\VC\Tools\MSVC\1423~1.281\bin\HostX64\x64\cl.exe  /nologo   /DWIN32 /D_WINDOWS /W3  /MDd /Zi /Ob0 /Od /RTC1 /showIncludes /FoCMakeFiles\cmTC_cd257.dir\CheckSymbolExists.c.obj /FdCMakeFiles\cmTC_cd257.dir\ /FS -c CheckSymbolExists.c
CheckSymbolExists.c(8): error C2065: 'arc4random_buf': undeclared identifier
ninja: build stopped: subcommand failed.


File C:/Projects/IrrlichtBAW/out/build/x64-Debug/CMakeFiles/CMakeTmp/CheckSymbolExists.c:
/* */
#include <stdlib.h>

int main(int argc, char** argv)
{
  (void)argv;
#ifndef arc4random_buf
  return ((int*)(&arc4random_buf))[argc];
#else
  (void)argc;
  return 0;
#endif
}

Determining if the arc4random exist failed with the following output:
Change Dir: C:/Projects/IrrlichtBAW/out/build/x64-Debug/CMakeFiles/CMakeTmp

Run Build Command(s):C:/Program Files (x86)/Microsoft Visual Studio/2019/Community/Common7/IDE/CommonExtensions/Microsoft/CMake/Ninja/ninja.exe cmTC_b469d && [1/2] Building C object CMakeFiles\cmTC_b469d.dir\CheckSymbolExists.c.obj
FAILED: CMakeFiles/cmTC_b469d.dir/CheckSymbolExists.c.obj 
C:\PROGRA~2\MICROS~1\2019\COMMUN~1\VC\Tools\MSVC\1423~1.281\bin\HostX64\x64\cl.exe  /nologo   /DWIN32 /D_WINDOWS /W3  /MDd /Zi /Ob0 /Od /RTC1 /showIncludes /FoCMakeFiles\cmTC_b469d.dir\CheckSymbolExists.c.obj /FdCMakeFiles\cmTC_b469d.dir\ /FS -c CheckSymbolExists.c
CheckSymbolExists.c(8): error C2065: 'arc4random': undeclared identifier
ninja: build stopped: subcommand failed.


File C:/Projects/IrrlichtBAW/out/build/x64-Debug/CMakeFiles/CMakeTmp/CheckSymbolExists.c:
/* */
#include <stdlib.h>

int main(int argc, char** argv)
{
  (void)argv;
#ifndef arc4random
  return ((int*)(&arc4random))[argc];
#else
  (void)argc;
  return 0;
#endif
}

Determining if the off_t exist failed with the following output:
Change Dir: C:/Projects/IrrlichtBAW/out/build/x64-Debug/CMakeFiles/CMakeTmp

Run Build Command(s):C:/Program Files (x86)/Microsoft Visual Studio/2019/Community/Common7/IDE/CommonExtensions/Microsoft/CMake/Ninja/ninja.exe cmTC_3552c && [1/2] Building C object CMakeFiles\cmTC_3552c.dir\CheckSymbolExists.c.obj
FAILED: CMakeFiles/cmTC_3552c.dir/CheckSymbolExists.c.obj 
C:\PROGRA~2\MICROS~1\2019\COMMUN~1\VC\Tools\MSVC\1423~1.281\bin\HostX64\x64\cl.exe  /nologo   /DWIN32 /D_WINDOWS /W3  /MDd /Zi /Ob0 /Od /RTC1 /showIncludes /FoCMakeFiles\cmTC_3552c.dir\CheckSymbolExists.c.obj /FdCMakeFiles\cmTC_3552c.dir\ /FS -c CheckSymbolExists.c
CheckSymbolExists.c(8): error C2275: 'off_t': illegal use of this type as an expression
C:\Program Files (x86)\Windows Kits\10\include\10.0.18362.0\ucrt\sys/types.h(42): note: see declaration of 'off_t'
ninja: build stopped: subcommand failed.


File C:/Projects/IrrlichtBAW/out/build/x64-Debug/CMakeFiles/CMakeTmp/CheckSymbolExists.c:
/* */
#include <sys/types.h>

int main(int argc, char** argv)
{
  (void)argv;
#ifndef off_t
  return ((int*)(&off_t))[argc];
#else
  (void)argc;
  return 0;
#endif
}

Determining if the size_t exist failed with the following output:
Change Dir: C:/Projects/IrrlichtBAW/out/build/x64-Debug/CMakeFiles/CMakeTmp

Run Build Command(s):C:/Program Files (x86)/Microsoft Visual Studio/2019/Community/Common7/IDE/CommonExtensions/Microsoft/CMake/Ninja/ninja.exe cmTC_ef7de && [1/2] Building C object CMakeFiles\cmTC_ef7de.dir\CheckSymbolExists.c.obj
FAILED: CMakeFiles/cmTC_ef7de.dir/CheckSymbolExists.c.obj 
C:\PROGRA~2\MICROS~1\2019\COMMUN~1\VC\Tools\MSVC\1423~1.281\bin\HostX64\x64\cl.exe  /nologo   /DWIN32 /D_WINDOWS /W3  /MDd /Zi /Ob0 /Od /RTC1 /showIncludes /FoCMakeFiles\cmTC_ef7de.dir\CheckSymbolExists.c.obj /FdCMakeFiles\cmTC_ef7de.dir\ /FS -c CheckSymbolExists.c
CheckSymbolExists.c(8): error C2275: 'size_t': illegal use of this type as an expression
CheckSymbolExists.c: note: see declaration of 'size_t'
ninja: build stopped: subcommand failed.


File C:/Projects/IrrlichtBAW/out/build/x64-Debug/CMakeFiles/CMakeTmp/CheckSymbolExists.c:
/* */
#include <sys/types.h>

int main(int argc, char** argv)
{
  (void)argv;
#ifndef size_t
  return ((int*)(&size_t))[argc];
#else
  (void)argc;
  return 0;
#endif
}

Performing C SOURCE FILE Test HAVE_SYSCALL_GETRANDOM failed with the following output:
Change Dir: C:/Projects/IrrlichtBAW/out/build/x64-Debug/CMakeFiles/CMakeTmp

Run Build Command(s):C:/Program Files (x86)/Microsoft Visual Studio/2019/Community/Common7/IDE/CommonExtensions/Microsoft/CMake/Ninja/ninja.exe cmTC_06b13 && [1/2] Building C object CMakeFiles\cmTC_06b13.dir\src.c.obj
FAILED: CMakeFiles/cmTC_06b13.dir/src.c.obj 
C:\PROGRA~2\MICROS~1\2019\COMMUN~1\VC\Tools\MSVC\1423~1.281\bin\HostX64\x64\cl.exe  /nologo   /DWIN32 /D_WINDOWS /W3 -DHAVE_SYSCALL_GETRANDOM /MDd /Zi /Ob0 /Od /RTC1 /showIncludes /FoCMakeFiles\cmTC_06b13.dir\src.c.obj /FdCMakeFiles\cmTC_06b13.dir\ /FS -c src.c
src.c(3): fatal error C1083: Cannot open include file: 'unistd.h': No such file or directory
ninja: build stopped: subcommand failed.


Source file was:

        #include <stdlib.h>  /* for NULL */
        #include <unistd.h>  /* for syscall */
        #include <sys/syscall.h>  /* for SYS_getrandom */
        int main() {
            syscall(SYS_getrandom, NULL, 0, 0);
            return 0;
        }
Performing C SOURCE FILE Test FLAG_NO_STRICT_ALIASING failed with the following output:
Change Dir: C:/Projects/IrrlichtBAW/out/build/x64-Debug/CMakeFiles/CMakeTmp

Run Build Command(s):C:/Program Files (x86)/Microsoft Visual Studio/2019/Community/Common7/IDE/CommonExtensions/Microsoft/CMake/Ninja/ninja.exe cmTC_38b19 && [1/2] Building C object CMakeFiles\cmTC_38b19.dir\src.c.obj
cl : Command line warning D9002 : ignoring unknown option '-fno-strict-aliasing'
[2/2] Linking C executable cmTC_38b19.exe


Source file was:
int main(void) { return 0; }
